<?xml version="1.0" encoding="UTF-8"?>
<testng-results ignored="0" total="2" passed="2" failed="0" skipped="0">
  <reporter-output>
  </reporter-output>
  <suite started-at="2022-11-25T21:05:39 AST" name="Default suite" finished-at="2022-11-25T21:06:11 AST" duration-ms="32307">
    <groups>
    </groups>
    <test started-at="2022-11-25T21:05:39 AST" name="Default test" finished-at="2022-11-25T21:06:11 AST" duration-ms="32307">
      <class name="com.smartbuy.BuyFromCart">
        <test-method is-config="true" signature="LoginToWebSite()[pri:0, instance:com.smartbuy.BuyFromCart@459e9125]" started-at="2022-11-25T21:05:39 AST" name="LoginToWebSite" finished-at="2022-11-25T21:05:52 AST" duration-ms="13153" status="PASS">
          <reporter-output>
          </reporter-output>
        </test-method> <!-- LoginToWebSite -->
        <test-method signature="verifyAddManyItemsToCartForSamsung_TV()[pri:1, instance:com.smartbuy.BuyFromCart@459e9125]" started-at="2022-11-25T21:05:52 AST" name="verifyAddManyItemsToCartForSamsung_TV" finished-at="2022-11-25T21:06:06 AST" duration-ms="13699" status="PASS">
          <reporter-output>
          </reporter-output>
        </test-method> <!-- verifyAddManyItemsToCartForSamsung_TV -->
        <test-method signature="verifyPriceAfterDiscountForSamsung_TV()[pri:2, instance:com.smartbuy.BuyFromCart@459e9125]" started-at="2022-11-25T21:06:06 AST" name="verifyPriceAfterDiscountForSamsung_TV" finished-at="2022-11-25T21:06:11 AST" duration-ms="5410" status="PASS">
          <reporter-output>
          </reporter-output>
        </test-method> <!-- verifyPriceAfterDiscountForSamsung_TV -->
      </class> <!-- com.smartbuy.BuyFromCart -->
    </test> <!-- Default test -->
  </suite> <!-- Default suite -->
</testng-results>
